# JRE version: Java(TM) SE Runtime Environment (8.0_111-b14) (build 1.8.0_111-b14)
# Java VM: Java HotSpot(TM) 64-Bit Server VM (25.111-b14 mixed mode windows-amd64 compressed oops)
Heap:
 PSYoungGen      total 172544K, used 33048K [0x000000076b380000, 0x0000000777200000, 0x00000007c0000000)
  eden space 164352K, 16% used [0x000000076b380000,0x000000076cdc4920,0x0000000775400000)
  from space 8192K, 75% used [0x0000000776a00000,0x0000000777001a80,0x0000000777200000)
  to   space 15360K, 0% used [0x0000000775400000,0x0000000775400000,0x0000000776300000)
 ParOldGen       total 103936K, used 11147K [0x00000006c1a00000, 0x00000006c7f80000, 0x000000076b380000)
  object space 103936K, 10% used [0x00000006c1a00000,0x00000006c24e2fa0,0x00000006c7f80000)
 Metaspace       used 23455K, capacity 24362K, committed 24576K, reserved 1071104K
  class space    used 3087K, capacity 3286K, committed 3328K, reserved 1048576K
GC Heap History (10 events):
Event: 2.418 GC heap before
{Heap before GC invocations=3 (full 1):
 PSYoungGen      total 76288K, used 9198K [0x000000076b380000, 0x0000000774880000, 0x00000007c0000000)
  eden space 65536K, 0% used [0x000000076b380000,0x000000076b380000,0x000000076f380000)
  from space 10752K, 85% used [0x000000076fe00000,0x00000007706fbab0,0x0000000770880000)
  to   space 10752K, 0% used [0x000000076f380000,0x000000076f380000,0x000000076fe00000)
 ParOldGen       total 175104K, used 2777K [0x00000006c1a00000, 0x00000006cc500000, 0x000000076b380000)
  object space 175104K, 1% used [0x00000006c1a00000,0x00000006c1cb6488,0x00000006cc500000)
 Metaspace       used 20463K, capacity 21162K, committed 21248K, reserved 1067008K
  class space    used 2822K, capacity 2986K, committed 3072K, reserved 1048576K
Event: 2.460 GC heap after
Heap after GC invocations=3 (full 1):
 PSYoungGen      total 76288K, used 0K [0x000000076b380000, 0x0000000774880000, 0x00000007c0000000)
  eden space 65536K, 0% used [0x000000076b380000,0x000000076b380000,0x000000076f380000)
  from space 10752K, 0% used [0x000000076fe00000,0x000000076fe00000,0x0000000770880000)
  to   space 10752K, 0% used [0x000000076f380000,0x000000076f380000,0x000000076fe00000)
 ParOldGen       total 103936K, used 11115K [0x00000006c1a00000, 0x00000006c7f80000, 0x000000076b380000)
  object space 103936K, 10% used [0x00000006c1a00000,0x00000006c24dafa0,0x00000006c7f80000)
 Metaspace       used 20463K, capacity 21162K, committed 21248K, reserved 1067008K
  class space    used 2822K, capacity 2986K, committed 3072K, reserved 1048576K
}
Event: 3.337 GC heap before
{Heap before GC invocations=4 (full 1):
 PSYoungGen      total 76288K, used 65499K [0x000000076b380000, 0x0000000774880000, 0x00000007c0000000)
  eden space 65536K, 99% used [0x000000076b380000,0x000000076f376f90,0x000000076f380000)
  from space 10752K, 0% used [0x000000076fe00000,0x000000076fe00000,0x0000000770880000)
  to   space 10752K, 0% used [0x000000076f380000,0x000000076f380000,0x000000076fe00000)
 ParOldGen       total 103936K, used 11115K [0x00000006c1a00000, 0x00000006c7f80000, 0x000000076b380000)
  object space 103936K, 10% used [0x00000006c1a00000,0x00000006c24dafa0,0x00000006c7f80000)
 Metaspace       used 20966K, capacity 21680K, committed 21760K, reserved 1069056K
  class space    used 2876K, capacity 3051K, committed 3072K, reserved 1048576K
Event: 3.340 GC heap after
Heap after GC invocations=4 (full 1):
 PSYoungGen      total 76288K, used 642K [0x000000076b380000, 0x0000000772d00000, 0x00000007c0000000)
  eden space 65536K, 0% used [0x000000076b380000,0x000000076b380000,0x000000076f380000)
  from space 10752K, 5% used [0x000000076f380000,0x000000076f420ab8,0x000000076fe00000)
  to   space 10752K, 0% used [0x0000000772280000,0x0000000772280000,0x0000000772d00000)
 ParOldGen       total 103936K, used 11123K [0x00000006c1a00000, 0x00000006c7f80000, 0x000000076b380000)
  object space 103936K, 10% used [0x00000006c1a00000,0x00000006c24dcfa0,0x00000006c7f80000)
 Metaspace       used 20966K, capacity 21680K, committed 21760K, reserved 1069056K
  class space    used 2876K, capacity 3051K, committed 3072K, reserved 1048576K
}
Event: 3.354 GC heap before
{Heap before GC invocations=5 (full 1):
 PSYoungGen      total 76288K, used 66168K [0x000000076b380000, 0x0000000772d00000, 0x00000007c0000000)
  eden space 65536K, 99% used [0x000000076b380000,0x000000076f37d5b0,0x000000076f380000)
  from space 10752K, 5% used [0x000000076f380000,0x000000076f420ab8,0x000000076fe00000)
  to   space 10752K, 0% used [0x0000000772280000,0x0000000772280000,0x0000000772d00000)
 ParOldGen       total 103936K, used 11123K [0x00000006c1a00000, 0x00000006c7f80000, 0x000000076b380000)
  object space 103936K, 10% used [0x00000006c1a00000,0x00000006c24dcfa0,0x00000006c7f80000)
 Metaspace       used 20966K, capacity 21680K, committed 21760K, reserved 1069056K
  class space    used 2876K, capacity 3051K, committed 3072K, reserved 1048576K
Event: 3.356 GC heap after
Heap after GC invocations=5 (full 1):
 PSYoungGen      total 113664K, used 608K [0x000000076b380000, 0x0000000773380000, 0x00000007c0000000)
  eden space 102912K, 0% used [0x000000076b380000,0x000000076b380000,0x0000000771800000)
  from space 10752K, 5% used [0x0000000772280000,0x0000000772318160,0x0000000772d00000)
  to   space 10752K, 0% used [0x0000000771800000,0x0000000771800000,0x0000000772280000)
 ParOldGen       total 103936K, used 11131K [0x00000006c1a00000, 0x00000006c7f80000, 0x000000076b380000)
  object space 103936K, 10% used [0x00000006c1a00000,0x00000006c24defa0,0x00000006c7f80000)
 Metaspace       used 20966K, capacity 21680K, committed 21760K, reserved 1069056K
  class space    used 2876K, capacity 3051K, committed 3072K, reserved 1048576K
}
Event: 3.387 GC heap before
{Heap before GC invocations=6 (full 1):
 PSYoungGen      total 113664K, used 103407K [0x000000076b380000, 0x0000000773380000, 0x00000007c0000000)
  eden space 102912K, 99% used [0x000000076b380000,0x00000007717e3aa0,0x0000000771800000)
  from space 10752K, 5% used [0x0000000772280000,0x0000000772318160,0x0000000772d00000)
  to   space 10752K, 0% used [0x0000000771800000,0x0000000771800000,0x0000000772280000)
 ParOldGen       total 103936K, used 11131K [0x00000006c1a00000, 0x00000006c7f80000, 0x000000076b380000)
  object space 103936K, 10% used [0x00000006c1a00000,0x00000006c24defa0,0x00000006c7f80000)
 Metaspace       used 20966K, capacity 21680K, committed 21760K, reserved 1069056K
  class space    used 2876K, capacity 3051K, committed 3072K, reserved 1048576K
Event: 3.388 GC heap after
Heap after GC invocations=6 (full 1):
 PSYoungGen      total 113664K, used 671K [0x000000076b380000, 0x0000000777a00000, 0x00000007c0000000)
  eden space 102912K, 0% used [0x000000076b380000,0x000000076b380000,0x0000000771800000)
  from space 10752K, 6% used [0x0000000771800000,0x00000007718a7cb8,0x0000000772280000)
  to   space 16384K, 0% used [0x0000000776a00000,0x0000000776a00000,0x0000000777a00000)
 ParOldGen       total 103936K, used 11139K [0x00000006c1a00000, 0x00000006c7f80000, 0x000000076b380000)
  object space 103936K, 10% used [0x00000006c1a00000,0x00000006c24e0fa0,0x00000006c7f80000)
 Metaspace       used 20966K, capacity 21680K, committed 21760K, reserved 1069056K
  class space    used 2876K, capacity 3051K, committed 3072K, reserved 1048576K
}
Event: 6.625 GC heap before
{Heap before GC invocations=7 (full 1):
 PSYoungGen      total 113664K, used 103583K [0x000000076b380000, 0x0000000777a00000, 0x00000007c0000000)
  eden space 102912K, 100% used [0x000000076b380000,0x0000000771800000,0x0000000771800000)
  from space 10752K, 6% used [0x0000000771800000,0x00000007718a7cb8,0x0000000772280000)
  to   space 16384K, 0% used [0x0000000776a00000,0x0000000776a00000,0x0000000777a00000)
 ParOldGen       total 103936K, used 11139K [0x00000006c1a00000, 0x00000006c7f80000, 0x000000076b380000)
  object space 103936K, 10% used [0x00000006c1a00000,0x00000006c24e0fa0,0x00000006c7f80000)
 Metaspace       used 22913K, capacity 23740K, committed 24064K, reserved 1071104K
  class space    used 3031K, capacity 3235K, committed 3328K, reserved 1048576K
Event: 6.632 GC heap after
Heap after GC invocations=7 (full 1):
 PSYoungGen      total 172544K, used 6150K [0x000000076b380000, 0x0000000777200000, 0x00000007c0000000)
  eden space 164352K, 0% used [0x000000076b380000,0x000000076b380000,0x0000000775400000)
  from space 8192K, 75% used [0x0000000776a00000,0x0000000777001a80,0x0000000777200000)
  to   space 15360K, 0% used [0x0000000775400000,0x0000000775400000,0x0000000776300000)
 ParOldGen       total 103936K, used 11147K [0x00000006c1a00000, 0x00000006c7f80000, 0x000000076b380000)
  object space 103936K, 10% used [0x00000006c1a00000,0x00000006c24e2fa0,0x00000006c7f80000)
 Metaspace       used 22913K, capacity 23740K, committed 24064K, reserved 1071104K
  class space    used 3031K, capacity 3235K, committed 3328K, reserved 1048576K
}

