# JRE version: Java(TM) SE Runtime Environment (8.0_111-b14) (build 1.8.0_111-b14)
# Java VM: Java HotSpot(TM) 64-Bit Server VM (25.111-b14 mixed mode windows-amd64 compressed oops)
Heap:
 PSYoungGen      total 168960K, used 42146K [0x000000076b380000, 0x0000000776e00000, 0x00000007c0000000)
  eden space 160256K, 22% used [0x000000076b380000,0x000000076d726f78,0x0000000775000000)
  from space 8704K, 64% used [0x0000000776580000,0x0000000776b01978,0x0000000776e00000)
  to   space 15360K, 0% used [0x0000000775000000,0x0000000775000000,0x0000000775f00000)
 ParOldGen       total 107008K, used 11057K [0x00000006c1a00000, 0x00000006c8280000, 0x000000076b380000)
  object space 107008K, 10% used [0x00000006c1a00000,0x00000006c24cc778,0x00000006c8280000)
 Metaspace       used 23207K, capacity 24150K, committed 24320K, reserved 1071104K
  class space    used 3029K, capacity 3242K, committed 3328K, reserved 1048576K
GC Heap History (10 events):
Event: 2.323 GC heap before
{Heap before GC invocations=3 (full 1):
 PSYoungGen      total 76288K, used 9020K [0x000000076b380000, 0x0000000774880000, 0x00000007c0000000)
  eden space 65536K, 0% used [0x000000076b380000,0x000000076b380000,0x000000076f380000)
  from space 10752K, 83% used [0x000000076fe00000,0x00000007706cf270,0x0000000770880000)
  to   space 10752K, 0% used [0x000000076f380000,0x000000076f380000,0x000000076fe00000)
 ParOldGen       total 175104K, used 2899K [0x00000006c1a00000, 0x00000006cc500000, 0x000000076b380000)
  object space 175104K, 1% used [0x00000006c1a00000,0x00000006c1cd4dd8,0x00000006cc500000)
 Metaspace       used 20454K, capacity 21168K, committed 21296K, reserved 1067008K
  class space    used 2815K, capacity 2987K, committed 3072K, reserved 1048576K
Event: 2.363 GC heap after
Heap after GC invocations=3 (full 1):
 PSYoungGen      total 76288K, used 0K [0x000000076b380000, 0x0000000774880000, 0x00000007c0000000)
  eden space 65536K, 0% used [0x000000076b380000,0x000000076b380000,0x000000076f380000)
  from space 10752K, 0% used [0x000000076fe00000,0x000000076fe00000,0x0000000770880000)
  to   space 10752K, 0% used [0x000000076f380000,0x000000076f380000,0x000000076fe00000)
 ParOldGen       total 107008K, used 11025K [0x00000006c1a00000, 0x00000006c8280000, 0x000000076b380000)
  object space 107008K, 10% used [0x00000006c1a00000,0x00000006c24c4778,0x00000006c8280000)
 Metaspace       used 20454K, capacity 21168K, committed 21296K, reserved 1067008K
  class space    used 2815K, capacity 2987K, committed 3072K, reserved 1048576K
}
Event: 3.108 GC heap before
{Heap before GC invocations=4 (full 1):
 PSYoungGen      total 76288K, used 65533K [0x000000076b380000, 0x0000000774880000, 0x00000007c0000000)
  eden space 65536K, 99% used [0x000000076b380000,0x000000076f37f7f0,0x000000076f380000)
  from space 10752K, 0% used [0x000000076fe00000,0x000000076fe00000,0x0000000770880000)
  to   space 10752K, 0% used [0x000000076f380000,0x000000076f380000,0x000000076fe00000)
 ParOldGen       total 107008K, used 11025K [0x00000006c1a00000, 0x00000006c8280000, 0x000000076b380000)
  object space 107008K, 10% used [0x00000006c1a00000,0x00000006c24c4778,0x00000006c8280000)
 Metaspace       used 20928K, capacity 21616K, committed 21760K, reserved 1069056K
  class space    used 2865K, capacity 3051K, committed 3072K, reserved 1048576K
Event: 3.112 GC heap after
Heap after GC invocations=4 (full 1):
 PSYoungGen      total 76288K, used 535K [0x000000076b380000, 0x0000000772a00000, 0x00000007c0000000)
  eden space 65536K, 0% used [0x000000076b380000,0x000000076b380000,0x000000076f380000)
  from space 10752K, 4% used [0x000000076f380000,0x000000076f405d90,0x000000076fe00000)
  to   space 10752K, 0% used [0x0000000771f80000,0x0000000771f80000,0x0000000772a00000)
 ParOldGen       total 107008K, used 11033K [0x00000006c1a00000, 0x00000006c8280000, 0x000000076b380000)
  object space 107008K, 10% used [0x00000006c1a00000,0x00000006c24c6778,0x00000006c8280000)
 Metaspace       used 20928K, capacity 21616K, committed 21760K, reserved 1069056K
  class space    used 2865K, capacity 3051K, committed 3072K, reserved 1048576K
}
Event: 3.128 GC heap before
{Heap before GC invocations=5 (full 1):
 PSYoungGen      total 76288K, used 66020K [0x000000076b380000, 0x0000000772a00000, 0x00000007c0000000)
  eden space 65536K, 99% used [0x000000076b380000,0x000000076f3732d8,0x000000076f380000)
  from space 10752K, 4% used [0x000000076f380000,0x000000076f405d90,0x000000076fe00000)
  to   space 10752K, 0% used [0x0000000771f80000,0x0000000771f80000,0x0000000772a00000)
 ParOldGen       total 107008K, used 11033K [0x00000006c1a00000, 0x00000006c8280000, 0x000000076b380000)
  object space 107008K, 10% used [0x00000006c1a00000,0x00000006c24c6778,0x00000006c8280000)
 Metaspace       used 20928K, capacity 21616K, committed 21760K, reserved 1069056K
  class space    used 2865K, capacity 3051K, committed 3072K, reserved 1048576K
Event: 3.129 GC heap after
Heap after GC invocations=5 (full 1):
 PSYoungGen      total 110592K, used 560K [0x000000076b380000, 0x0000000773180000, 0x00000007c0000000)
  eden space 99840K, 0% used [0x000000076b380000,0x000000076b380000,0x0000000771500000)
  from space 10752K, 5% used [0x0000000771f80000,0x000000077200c1b8,0x0000000772a00000)
  to   space 10752K, 0% used [0x0000000771500000,0x0000000771500000,0x0000000771f80000)
 ParOldGen       total 107008K, used 11041K [0x00000006c1a00000, 0x00000006c8280000, 0x000000076b380000)
  object space 107008K, 10% used [0x00000006c1a00000,0x00000006c24c8778,0x00000006c8280000)
 Metaspace       used 20928K, capacity 21616K, committed 21760K, reserved 1069056K
  class space    used 2865K, capacity 3051K, committed 3072K, reserved 1048576K
}
Event: 3.151 GC heap before
{Heap before GC invocations=6 (full 1):
 PSYoungGen      total 110592K, used 100261K [0x000000076b380000, 0x0000000773180000, 0x00000007c0000000)
  eden space 99840K, 99% used [0x000000076b380000,0x00000007714dd320,0x0000000771500000)
  from space 10752K, 5% used [0x0000000771f80000,0x000000077200c1b8,0x0000000772a00000)
  to   space 10752K, 0% used [0x0000000771500000,0x0000000771500000,0x0000000771f80000)
 ParOldGen       total 107008K, used 11041K [0x00000006c1a00000, 0x00000006c8280000, 0x000000076b380000)
  object space 107008K, 10% used [0x00000006c1a00000,0x00000006c24c8778,0x00000006c8280000)
 Metaspace       used 20928K, capacity 21616K, committed 21760K, reserved 1069056K
  class space    used 2865K, capacity 3051K, committed 3072K, reserved 1048576K
Event: 3.153 GC heap after
Heap after GC invocations=6 (full 1):
 PSYoungGen      total 110592K, used 653K [0x000000076b380000, 0x0000000777580000, 0x00000007c0000000)
  eden space 99840K, 0% used [0x000000076b380000,0x000000076b380000,0x0000000771500000)
  from space 10752K, 6% used [0x0000000771500000,0x00000007715a37e0,0x0000000771f80000)
  to   space 16384K, 0% used [0x0000000776580000,0x0000000776580000,0x0000000777580000)
 ParOldGen       total 107008K, used 11049K [0x00000006c1a00000, 0x00000006c8280000, 0x000000076b380000)
  object space 107008K, 10% used [0x00000006c1a00000,0x00000006c24ca778,0x00000006c8280000)
 Metaspace       used 20928K, capacity 21616K, committed 21760K, reserved 1069056K
  class space    used 2865K, capacity 3051K, committed 3072K, reserved 1048576K
}
Event: 5.335 GC heap before
{Heap before GC invocations=7 (full 1):
 PSYoungGen      total 110592K, used 100493K [0x000000076b380000, 0x0000000777580000, 0x00000007c0000000)
  eden space 99840K, 100% used [0x000000076b380000,0x0000000771500000,0x0000000771500000)
  from space 10752K, 6% used [0x0000000771500000,0x00000007715a37e0,0x0000000771f80000)
  to   space 16384K, 0% used [0x0000000776580000,0x0000000776580000,0x0000000777580000)
 ParOldGen       total 107008K, used 11049K [0x00000006c1a00000, 0x00000006c8280000, 0x000000076b380000)
  object space 107008K, 10% used [0x00000006c1a00000,0x00000006c24ca778,0x00000006c8280000)
 Metaspace       used 22548K, capacity 23402K, committed 23424K, reserved 1069056K
  class space    used 2988K, capacity 3192K, committed 3200K, reserved 1048576K
Event: 5.342 GC heap after
Heap after GC invocations=7 (full 1):
 PSYoungGen      total 168960K, used 5638K [0x000000076b380000, 0x0000000776e00000, 0x00000007c0000000)
  eden space 160256K, 0% used [0x000000076b380000,0x000000076b380000,0x0000000775000000)
  from space 8704K, 64% used [0x0000000776580000,0x0000000776b01978,0x0000000776e00000)
  to   space 15360K, 0% used [0x0000000775000000,0x0000000775000000,0x0000000775f00000)
 ParOldGen       total 107008K, used 11057K [0x00000006c1a00000, 0x00000006c8280000, 0x000000076b380000)
  object space 107008K, 10% used [0x00000006c1a00000,0x00000006c24cc778,0x00000006c8280000)
 Metaspace       used 22548K, capacity 23402K, committed 23424K, reserved 1069056K
  class space    used 2988K, capacity 3192K, committed 3200K, reserved 1048576K
}

